<?xml version="1.0" encoding="UTF-8"?>
<testng-results skipped="0" failed="1" ignored="3" total="7" passed="3">
  <reporter-output>
    <line>
      <![CDATA[RC:5]]>
    </line>
    <line>
      <![CDATA[PHOTOPATH:./photo/testInvalidLogin/Thu Dec 06 20-00-28 IST 2018.png]]>
    </line>
    <line>
      <![CDATA[Actual IssueDateNov 21, 2016]]>
    </line>
    <line>
      <![CDATA[expected ProductEditionactiTIME 2017.1]]>
    </line>
    <line>
      <![CDATA[Actual ProductEditionactiTIME 2017.1]]>
    </line>
    <line>
      <![CDATA[pass: 3]]>
    </line>
    <line>
      <![CDATA[fail: 1]]>
    </line>
  </reporter-output>
  <suite name="Suite" duration-ms="50776" started-at="2018-12-06T14:30:11Z" finished-at="2018-12-06T14:31:02Z">
    <groups>
    </groups>
    <test name="Test" duration-ms="50776" started-at="2018-12-06T14:30:11Z" finished-at="2018-12-06T14:31:02Z">
      <class name="script.CheckProductEdition">
        <test-method status="PASS" signature="openBrowser()[pri:0, instance:script.CheckProductEdition@33c7e1bb]" name="openBrowser" is-config="true" duration-ms="4927" started-at="2018-12-06T14:30:51Z" finished-at="2018-12-06T14:30:56Z">
          <reporter-output>
          </reporter-output>
        </test-method> <!-- openBrowser -->
        <test-method status="PASS" signature="testCheckProductEdition()[pri:4, instance:script.CheckProductEdition@33c7e1bb]" name="testCheckProductEdition" duration-ms="3586" started-at="2018-12-06T14:30:56Z" finished-at="2018-12-06T14:30:59Z">
          <reporter-output>
            <line>
              <![CDATA[expected ProductEditionactiTIME 2017.1]]>
            </line>
            <line>
              <![CDATA[Actual ProductEditionactiTIME 2017.1]]>
            </line>
          </reporter-output>
        </test-method> <!-- testCheckProductEdition -->
        <test-method status="PASS" signature="closeBrowser(org.testng.ITestResult)[pri:0, instance:script.CheckProductEdition@33c7e1bb]" name="closeBrowser" is-config="true" duration-ms="2367" started-at="2018-12-06T14:30:59Z" finished-at="2018-12-06T14:31:02Z">
          <params>
            <param index="0">
              <value>
                <![CDATA[[TestResult name=testCheckProductEdition status=SUCCESS method=CheckProductEdition.testCheckProductEdition()[pri:4, instance:script.CheckProductEdition@33c7e1bb] output=expected ProductEditionactiTIME 2017.1]]]>
              </value>
            </param>
          </params>
          <reporter-output>
          </reporter-output>
        </test-method> <!-- closeBrowser -->
      </class> <!-- script.CheckProductEdition -->
      <class name="script.CheckIssueDate">
        <test-method status="PASS" signature="openBrowser()[pri:0, instance:script.CheckIssueDate@30a3107a]" name="openBrowser" is-config="true" duration-ms="5339" started-at="2018-12-06T14:30:31Z" finished-at="2018-12-06T14:30:36Z">
          <reporter-output>
          </reporter-output>
        </test-method> <!-- openBrowser -->
        <test-method status="PASS" signature="testCheckIssueDate()[pri:3, instance:script.CheckIssueDate@30a3107a]" name="testCheckIssueDate" duration-ms="12428" started-at="2018-12-06T14:30:36Z" finished-at="2018-12-06T14:30:49Z">
          <reporter-output>
            <line>
              <![CDATA[Actual IssueDateNov 21, 2016]]>
            </line>
          </reporter-output>
        </test-method> <!-- testCheckIssueDate -->
        <test-method status="PASS" signature="closeBrowser(org.testng.ITestResult)[pri:0, instance:script.CheckIssueDate@30a3107a]" name="closeBrowser" is-config="true" duration-ms="2367" started-at="2018-12-06T14:30:49Z" finished-at="2018-12-06T14:30:51Z">
          <params>
            <param index="0">
              <value>
                <![CDATA[[TestResult name=testCheckIssueDate status=SUCCESS method=CheckIssueDate.testCheckIssueDate()[pri:3, instance:script.CheckIssueDate@30a3107a] output=Actual IssueDateNov 21, 2016]]]>
              </value>
            </param>
          </params>
          <reporter-output>
          </reporter-output>
        </test-method> <!-- closeBrowser -->
        <test-method status="PASS" signature="print()[pri:0, instance:script.CheckIssueDate@30a3107a]" name="print" is-config="true" duration-ms="276" started-at="2018-12-06T14:31:02Z" finished-at="2018-12-06T14:31:02Z">
          <reporter-output>
            <line>
              <![CDATA[pass: 3]]>
            </line>
            <line>
              <![CDATA[fail: 1]]>
            </line>
          </reporter-output>
        </test-method> <!-- print -->
      </class> <!-- script.CheckIssueDate -->
      <class name="script.TestInvalidLogin">
        <test-method status="PASS" signature="openBrowser()[pri:0, instance:script.TestInvalidLogin@34c4973]" name="openBrowser" is-config="true" duration-ms="4993" started-at="2018-12-06T14:30:21Z" finished-at="2018-12-06T14:30:26Z">
          <reporter-output>
          </reporter-output>
        </test-method> <!-- openBrowser -->
        <test-method status="FAIL" signature="testInvalidLogin()[pri:2, instance:script.TestInvalidLogin@34c4973]" name="testInvalidLogin" duration-ms="2554" started-at="2018-12-06T14:30:26Z" finished-at="2018-12-06T14:30:28Z">
          <exception class="java.lang.AssertionError">
            <message>
              <![CDATA[null]]>
            </message>
            <full-stacktrace>
              <![CDATA[java.lang.AssertionError: null
at org.testng.Assert.fail(Assert.java:96)
at org.testng.Assert.fail(Assert.java:103)
at script.TestInvalidLogin.testInvalidLogin(TestInvalidLogin.java:31)
at sun.reflect.NativeMethodAccessorImpl.invoke0(Native Method)
at sun.reflect.NativeMethodAccessorImpl.invoke(Unknown Source)
at sun.reflect.DelegatingMethodAccessorImpl.invoke(Unknown Source)
at java.lang.reflect.Method.invoke(Unknown Source)
at org.testng.internal.MethodInvocationHelper.invokeMethod(MethodInvocationHelper.java:124)
at org.testng.internal.Invoker.invokeMethod(Invoker.java:580)
at org.testng.internal.Invoker.invokeTestMethod(Invoker.java:716)
at org.testng.internal.Invoker.invokeTestMethods(Invoker.java:988)
at org.testng.internal.TestMethodWorker.invokeTestMethods(TestMethodWorker.java:125)
at org.testng.internal.TestMethodWorker.run(TestMethodWorker.java:109)
at org.testng.TestRunner.privateRun(TestRunner.java:648)
at org.testng.TestRunner.run(TestRunner.java:505)
at org.testng.SuiteRunner.runTest(SuiteRunner.java:455)
at org.testng.SuiteRunner.runSequentially(SuiteRunner.java:450)
at org.testng.SuiteRunner.privateRun(SuiteRunner.java:415)
at org.testng.SuiteRunner.run(SuiteRunner.java:364)
at org.testng.SuiteRunnerWorker.runSuite(SuiteRunnerWorker.java:52)
at org.testng.SuiteRunnerWorker.run(SuiteRunnerWorker.java:84)
at org.testng.TestNG.runSuitesSequentially(TestNG.java:1208)
at org.testng.TestNG.runSuitesLocally(TestNG.java:1137)
at org.testng.TestNG.runSuites(TestNG.java:1049)
at org.testng.TestNG.run(TestNG.java:1017)
at org.testng.remote.AbstractRemoteTestNG.run(AbstractRemoteTestNG.java:114)
at org.testng.remote.RemoteTestNG.initAndRun(RemoteTestNG.java:251)
at org.testng.remote.RemoteTestNG.main(RemoteTestNG.java:77)
]]>
            </full-stacktrace>
          </exception> <!-- java.lang.AssertionError -->
          <reporter-output>
            <line>
              <![CDATA[RC:5]]>
            </line>
          </reporter-output>
        </test-method> <!-- testInvalidLogin -->
        <test-method status="PASS" signature="closeBrowser(org.testng.ITestResult)[pri:0, instance:script.TestInvalidLogin@34c4973]" name="closeBrowser" is-config="true" duration-ms="2667" started-at="2018-12-06T14:30:28Z" finished-at="2018-12-06T14:30:31Z">
          <params>
            <param index="0">
              <value>
                <![CDATA[[TestResult name=testInvalidLogin status=FAILURE method=TestInvalidLogin.testInvalidLogin()[pri:2, instance:script.TestInvalidLogin@34c4973] output=RC:5]]]>
              </value>
            </param>
          </params>
          <reporter-output>
            <line>
              <![CDATA[PHOTOPATH:./photo/testInvalidLogin/Thu Dec 06 20-00-28 IST 2018.png]]>
            </line>
          </reporter-output>
        </test-method> <!-- closeBrowser -->
      </class> <!-- script.TestInvalidLogin -->
      <class name="script.ValidLogin">
        <test-method status="PASS" signature="openBrowser()[pri:0, instance:script.ValidLogin@52feb982]" name="openBrowser" is-config="true" duration-ms="5356" started-at="2018-12-06T14:30:11Z" finished-at="2018-12-06T14:30:16Z">
          <reporter-output>
          </reporter-output>
        </test-method> <!-- openBrowser -->
        <test-method status="PASS" signature="testValidLogin()[pri:1, instance:script.ValidLogin@52feb982]" name="testValidLogin" duration-ms="1814" started-at="2018-12-06T14:30:16Z" finished-at="2018-12-06T14:30:18Z">
          <reporter-output>
          </reporter-output>
        </test-method> <!-- testValidLogin -->
        <test-method status="PASS" signature="closeBrowser(org.testng.ITestResult)[pri:0, instance:script.ValidLogin@52feb982]" name="closeBrowser" is-config="true" duration-ms="2349" started-at="2018-12-06T14:30:18Z" finished-at="2018-12-06T14:30:21Z">
          <params>
            <param index="0">
              <value>
                <![CDATA[[TestResult name=testValidLogin status=SUCCESS method=ValidLogin.testValidLogin()[pri:1, instance:script.ValidLogin@52feb982] output={null}]]]>
              </value>
            </param>
          </params>
          <reporter-output>
          </reporter-output>
        </test-method> <!-- closeBrowser -->
      </class> <!-- script.ValidLogin -->
    </test> <!-- Test -->
  </suite> <!-- Suite -->
</testng-results>
